    OpenRGB v0.81
    Commit: 9e9a583009920813464dc8e59a67ca69310aa4c2 from 2023-01-27 14:26:56 +0100
    Launched: 20230127_185256
====================================================================================================

1001  |Info:    Saving detector settings
1001  |Info:    ------------------------------------------------------
1001  |Info:    |               Start device detection               |
1001  |Info:    ------------------------------------------------------
1002  |Info:    Initializing HID interfaces: Success
1006  |Info:    ------------------------------------------------------
1006  |Info:    |             Detecting I2C interfaces               |
1006  |Info:    ------------------------------------------------------
1006  |Info:    Registering I2C interface: /dev/i2c-3 Device 8086:56A5 Subsystem: 1849:6004
1006  |Info:    Registering I2C interface: /dev/i2c-1 Device 1022:790B Subsystem: 1043:87C0
1007  |Info:    Registering I2C interface: /dev/i2c-6 Device 8086:56A5 Subsystem: 1849:6004
1007  |Info:    Registering I2C interface: /dev/i2c-2 Device 1022:790B Subsystem: 1043:87C0
1007  |Warning: [i2c_smbus_linux] Failed to read i2c device PCI device ID
1007  |Info:    Registering I2C interface: /dev/i2c-9 Device 0000:0000 Subsystem: 0000:0000
1007  |Info:    Registering I2C interface: /dev/i2c-5 Device 8086:56A5 Subsystem: 1849:6004
1007  |Info:    ------------------------------------------------------
1007  |Info:    |               Detecting I2C devices                |
1007  |Info:    ------------------------------------------------------
1571  |Info:    ------------------------------------------------------
1571  |Info:    |               Detecting I2C PCI devices            |
1571  |Info:    ------------------------------------------------------
1572  |Info:    ------------------------------------------------------
1572  |Info:    |               Detecting HID devices                |
1572  |Info:    ------------------------------------------------------
1572  |Info:    ------------------------------------------------------
1572  |Info:    |            Detecting libusb HID devices            |
1572  |Info:    ------------------------------------------------------
1587  |Info:    ------------------------------------------------------
1587  |Info:    |              Detecting other devices               |
1587  |Info:    ------------------------------------------------------
1595  |Info:    ------------------------------------------------------
1595  |Info:    |                Detection completed                 |
1595  |Info:    ------------------------------------------------------
1595  |Dialog:  <h2>WARNING:</h2><p>One or more I2C/SMBus interfaces failed to initialize.</p><p>RGB DRAM modules and some motherboards' onboard RGB lighting will not be available without I2C/SMBus.</p><p>On Linux, this is usually because the i2c-dev module is not loaded.  You must load the i2c-dev module along with the correct i2c driver for your motherboard.  This is usually i2c-piix4 for AMD systems and i2c-i801 for Intel systems.</p><p>See <a href='https://help.openrgb.org/'>help.openrgb.org</a> for additional troubleshooting steps if you keep seeing this message.<br></p>
7341  |Info:    ------------------------------------------------------
7341  |Info:    |               Start device detection               |
7341  |Info:    ------------------------------------------------------
7341  |Info:    Initializing HID interfaces: Success
7344  |Info:    ------------------------------------------------------
7344  |Info:    |             Detecting I2C interfaces               |
7344  |Info:    ------------------------------------------------------
7344  |Info:    Registering I2C interface: /dev/i2c-3 Device 8086:56A5 Subsystem: 1849:6004
7344  |Info:    Registering I2C interface: /dev/i2c-1 Device 1022:790B Subsystem: 1043:87C0
7344  |Info:    Registering I2C interface: /dev/i2c-6 Device 8086:56A5 Subsystem: 1849:6004
7344  |Info:    Registering I2C interface: /dev/i2c-2 Device 1022:790B Subsystem: 1043:87C0
7344  |Warning: [i2c_smbus_linux] Failed to read i2c device PCI device ID
7344  |Info:    Registering I2C interface: /dev/i2c-9 Device 0000:0000 Subsystem: 0000:0000
7344  |Info:    Registering I2C interface: /dev/i2c-5 Device 8086:56A5 Subsystem: 1849:6004
7344  |Info:    ------------------------------------------------------
7344  |Info:    |               Detecting I2C devices                |
7344  |Info:    ------------------------------------------------------
7911  |Info:    ------------------------------------------------------
7911  |Info:    |               Detecting I2C PCI devices            |
7911  |Info:    ------------------------------------------------------
7912  |Info:    ------------------------------------------------------
7912  |Info:    |               Detecting HID devices                |
7912  |Info:    ------------------------------------------------------
7913  |Info:    ------------------------------------------------------
7913  |Info:    |            Detecting libusb HID devices            |
7913  |Info:    ------------------------------------------------------
7913  |Info:    ------------------------------------------------------
7913  |Info:    |              Detecting other devices               |
7913  |Info:    ------------------------------------------------------
7914  |Info:    ------------------------------------------------------
7914  |Info:    |                Detection completed                 |
7914  |Info:    ------------------------------------------------------
7914  |Dialog:  <h2>WARNING:</h2><p>One or more I2C/SMBus interfaces failed to initialize.</p><p>RGB DRAM modules and some motherboards' onboard RGB lighting will not be available without I2C/SMBus.</p><p>On Linux, this is usually because the i2c-dev module is not loaded.  You must load the i2c-dev module along with the correct i2c driver for your motherboard.  This is usually i2c-piix4 for AMD systems and i2c-i801 for Intel systems.</p><p>See <a href='https://help.openrgb.org/'>help.openrgb.org</a> for additional troubleshooting steps if you keep seeing this message.<br></p>
18809 |Info:    ------------------------------------------------------
18809 |Info:    |               Start device detection               |
18809 |Info:    ------------------------------------------------------
18809 |Info:    Initializing HID interfaces: Success
18814 |Info:    ------------------------------------------------------
18814 |Info:    |             Detecting I2C interfaces               |
18814 |Info:    ------------------------------------------------------
18814 |Info:    Registering I2C interface: /dev/i2c-3 Device 8086:56A5 Subsystem: 1849:6004
18814 |Info:    Registering I2C interface: /dev/i2c-1 Device 1022:790B Subsystem: 1043:87C0
18814 |Info:    Registering I2C interface: /dev/i2c-6 Device 8086:56A5 Subsystem: 1849:6004
18814 |Info:    Registering I2C interface: /dev/i2c-2 Device 1022:790B Subsystem: 1043:87C0
18814 |Warning: [i2c_smbus_linux] Failed to read i2c device PCI device ID
18814 |Info:    Registering I2C interface: /dev/i2c-9 Device 0000:0000 Subsystem: 0000:0000
18814 |Info:    Registering I2C interface: /dev/i2c-5 Device 8086:56A5 Subsystem: 1849:6004
18814 |Info:    ------------------------------------------------------
18814 |Info:    |               Detecting I2C devices                |
18814 |Info:    ------------------------------------------------------
19378 |Info:    ------------------------------------------------------
19378 |Info:    |               Detecting I2C PCI devices            |
19378 |Info:    ------------------------------------------------------
19380 |Info:    ------------------------------------------------------
19380 |Info:    |               Detecting HID devices                |
19380 |Info:    ------------------------------------------------------
19380 |Info:    ------------------------------------------------------
19380 |Info:    |            Detecting libusb HID devices            |
19380 |Info:    ------------------------------------------------------
19380 |Info:    ------------------------------------------------------
19380 |Info:    |              Detecting other devices               |
19380 |Info:    ------------------------------------------------------
19381 |Info:    ------------------------------------------------------
19381 |Info:    |                Detection completed                 |
19381 |Info:    ------------------------------------------------------
19381 |Dialog:  <h2>WARNING:</h2><p>One or more I2C/SMBus interfaces failed to initialize.</p><p>RGB DRAM modules and some motherboards' onboard RGB lighting will not be available without I2C/SMBus.</p><p>On Linux, this is usually because the i2c-dev module is not loaded.  You must load the i2c-dev module along with the correct i2c driver for your motherboard.  This is usually i2c-piix4 for AMD systems and i2c-i801 for Intel systems.</p><p>See <a href='https://help.openrgb.org/'>help.openrgb.org</a> for additional troubleshooting steps if you keep seeing this message.<br></p>
20091 |Info:    ------------------------------------------------------
20091 |Info:    |               Start device detection               |
20091 |Info:    ------------------------------------------------------
20091 |Info:    Initializing HID interfaces: Success
20095 |Info:    ------------------------------------------------------
20095 |Info:    |             Detecting I2C interfaces               |
20095 |Info:    ------------------------------------------------------
20095 |Info:    Registering I2C interface: /dev/i2c-3 Device 8086:56A5 Subsystem: 1849:6004
20095 |Info:    Registering I2C interface: /dev/i2c-1 Device 1022:790B Subsystem: 1043:87C0
20095 |Info:    Registering I2C interface: /dev/i2c-6 Device 8086:56A5 Subsystem: 1849:6004
20095 |Info:    Registering I2C interface: /dev/i2c-2 Device 1022:790B Subsystem: 1043:87C0
20095 |Warning: [i2c_smbus_linux] Failed to read i2c device PCI device ID
20095 |Info:    Registering I2C interface: /dev/i2c-9 Device 0000:0000 Subsystem: 0000:0000
20095 |Info:    Registering I2C interface: /dev/i2c-5 Device 8086:56A5 Subsystem: 1849:6004
20095 |Info:    ------------------------------------------------------
20095 |Info:    |               Detecting I2C devices                |
20095 |Info:    ------------------------------------------------------
20660 |Info:    ------------------------------------------------------
20660 |Info:    |               Detecting I2C PCI devices            |
20660 |Info:    ------------------------------------------------------
20660 |Info:    ------------------------------------------------------
20660 |Info:    |               Detecting HID devices                |
20660 |Info:    ------------------------------------------------------
20661 |Info:    ------------------------------------------------------
20661 |Info:    |            Detecting libusb HID devices            |
20661 |Info:    ------------------------------------------------------
20661 |Info:    ------------------------------------------------------
20661 |Info:    |              Detecting other devices               |
20661 |Info:    ------------------------------------------------------
20662 |Info:    ------------------------------------------------------
20662 |Info:    |                Detection completed                 |
20662 |Info:    ------------------------------------------------------
20662 |Dialog:  <h2>WARNING:</h2><p>One or more I2C/SMBus interfaces failed to initialize.</p><p>RGB DRAM modules and some motherboards' onboard RGB lighting will not be available without I2C/SMBus.</p><p>On Linux, this is usually because the i2c-dev module is not loaded.  You must load the i2c-dev module along with the correct i2c driver for your motherboard.  This is usually i2c-piix4 for AMD systems and i2c-i801 for Intel systems.</p><p>See <a href='https://help.openrgb.org/'>help.openrgb.org</a> for additional troubleshooting steps if you keep seeing this message.<br></p>
21475 |Info:    ------------------------------------------------------
21475 |Info:    |               Start device detection               |
21475 |Info:    ------------------------------------------------------
21475 |Info:    Initializing HID interfaces: Success
21480 |Info:    ------------------------------------------------------
21480 |Info:    |             Detecting I2C interfaces               |
21480 |Info:    ------------------------------------------------------
21480 |Info:    Registering I2C interface: /dev/i2c-3 Device 8086:56A5 Subsystem: 1849:6004
21480 |Info:    Registering I2C interface: /dev/i2c-1 Device 1022:790B Subsystem: 1043:87C0
21480 |Info:    Registering I2C interface: /dev/i2c-6 Device 8086:56A5 Subsystem: 1849:6004
21480 |Info:    Registering I2C interface: /dev/i2c-2 Device 1022:790B Subsystem: 1043:87C0
21480 |Warning: [i2c_smbus_linux] Failed to read i2c device PCI device ID
21480 |Info:    Registering I2C interface: /dev/i2c-9 Device 0000:0000 Subsystem: 0000:0000
21480 |Info:    Registering I2C interface: /dev/i2c-5 Device 8086:56A5 Subsystem: 1849:6004
21480 |Info:    ------------------------------------------------------
21480 |Info:    |               Detecting I2C devices                |
21480 |Info:    ------------------------------------------------------
22044 |Info:    ------------------------------------------------------
22044 |Info:    |               Detecting I2C PCI devices            |
22044 |Info:    ------------------------------------------------------
22045 |Info:    ------------------------------------------------------
22045 |Info:    |               Detecting HID devices                |
22045 |Info:    ------------------------------------------------------
22045 |Info:    ------------------------------------------------------
22045 |Info:    |            Detecting libusb HID devices            |
22045 |Info:    ------------------------------------------------------
22045 |Info:    ------------------------------------------------------
22045 |Info:    |              Detecting other devices               |
22045 |Info:    ------------------------------------------------------
22046 |Info:    ------------------------------------------------------
22046 |Info:    |                Detection completed                 |
22046 |Info:    ------------------------------------------------------
22046 |Dialog:  <h2>WARNING:</h2><p>One or more I2C/SMBus interfaces failed to initialize.</p><p>RGB DRAM modules and some motherboards' onboard RGB lighting will not be available without I2C/SMBus.</p><p>On Linux, this is usually because the i2c-dev module is not loaded.  You must load the i2c-dev module along with the correct i2c driver for your motherboard.  This is usually i2c-piix4 for AMD systems and i2c-i801 for Intel systems.</p><p>See <a href='https://help.openrgb.org/'>help.openrgb.org</a> for additional troubleshooting steps if you keep seeing this message.<br></p>
57672 |Info:    ------------------------------------------------------
57672 |Info:    |               Start device detection               |
57672 |Info:    ------------------------------------------------------
57672 |Info:    Initializing HID interfaces: Success
57677 |Info:    ------------------------------------------------------
57677 |Info:    |             Detecting I2C interfaces               |
57677 |Info:    ------------------------------------------------------
57677 |Info:    Registering I2C interface: /dev/i2c-3 Device 8086:56A5 Subsystem: 1849:6004
57677 |Info:    Registering I2C interface: /dev/i2c-1 Device 1022:790B Subsystem: 1043:87C0
57677 |Info:    Registering I2C interface: /dev/i2c-6 Device 8086:56A5 Subsystem: 1849:6004
57677 |Info:    Registering I2C interface: /dev/i2c-2 Device 1022:790B Subsystem: 1043:87C0
57677 |Warning: [i2c_smbus_linux] Failed to read i2c device PCI device ID
57677 |Info:    Registering I2C interface: /dev/i2c-9 Device 0000:0000 Subsystem: 0000:0000
57677 |Info:    Registering I2C interface: /dev/i2c-5 Device 8086:56A5 Subsystem: 1849:6004
57677 |Info:    ------------------------------------------------------
57677 |Info:    |               Detecting I2C devices                |
57677 |Info:    ------------------------------------------------------
58242 |Info:    ------------------------------------------------------
58242 |Info:    |               Detecting I2C PCI devices            |
58242 |Info:    ------------------------------------------------------
58243 |Info:    ------------------------------------------------------
58243 |Info:    |               Detecting HID devices                |
58243 |Info:    ------------------------------------------------------
58243 |Info:    ------------------------------------------------------
58243 |Info:    |            Detecting libusb HID devices            |
58243 |Info:    ------------------------------------------------------
58244 |Info:    ------------------------------------------------------
58244 |Info:    |              Detecting other devices               |
58244 |Info:    ------------------------------------------------------
58245 |Info:    ------------------------------------------------------
58245 |Info:    |                Detection completed                 |
58245 |Info:    ------------------------------------------------------
58245 |Dialog:  <h2>WARNING:</h2><p>One or more I2C/SMBus interfaces failed to initialize.</p><p>RGB DRAM modules and some motherboards' onboard RGB lighting will not be available without I2C/SMBus.</p><p>On Linux, this is usually because the i2c-dev module is not loaded.  You must load the i2c-dev module along with the correct i2c driver for your motherboard.  This is usually i2c-piix4 for AMD systems and i2c-i801 for Intel systems.</p><p>See <a href='https://help.openrgb.org/'>help.openrgb.org</a> for additional troubleshooting steps if you keep seeing this message.<br></p>
