    OpenRGB v0.8
    Commit: fb88964b8e514cdf4eb22da314e13f8db06a3636 from 2022-11-27 21:44:33 -0600
    Launched: 20230202_122628
====================================================================================================

1001  |Info:    ------------------------------------------------------
1001  |Info:    |               Start device detection               |
1001  |Info:    ------------------------------------------------------
1001  |Info:    Initializing HID interfaces: Success
1005  |Info:    ------------------------------------------------------
1005  |Info:    |             Detecting I2C interfaces               |
1005  |Info:    ------------------------------------------------------
1005  |Info:    Registering I2C interface: /dev/i2c-3 Device 8086:56A5 Subsystem: 1849:6004
1005  |Warning: [i2c_smbus_linux] Failed to read i2c device PCI device ID
1005  |Info:    Registering I2C interface: /dev/i2c-10 Device 0000:0000 Subsystem: 0000:0000
1005  |Info:    Registering I2C interface: /dev/i2c-1 Device 1022:790B Subsystem: 1043:87C0
1005  |Warning: [i2c_smbus_linux] Failed to read i2c device PCI device ID
1005  |Info:    Registering I2C interface: /dev/i2c-8 Device 0000:0000 Subsystem: 0000:0000
1005  |Info:    Registering I2C interface: /dev/i2c-6 Device 8086:56A5 Subsystem: 1849:6004
1005  |Info:    Registering I2C interface: /dev/i2c-4 Device 8086:56A5 Subsystem: 1849:6004
1005  |Info:    Registering I2C interface: /dev/i2c-2 Device 1022:790B Subsystem: 1043:87C0
1006  |Info:    Registering I2C interface: /dev/i2c-0 Device 1022:790B Subsystem: 1043:87C0
1006  |Warning: [i2c_smbus_linux] Failed to read i2c device PCI device ID
1006  |Info:    Registering I2C interface: /dev/i2c-9 Device 0000:0000 Subsystem: 0000:0000
1006  |Info:    Registering I2C interface: /dev/i2c-7 Device 8086:56A5 Subsystem: 1849:6004
1006  |Info:    Registering I2C interface: /dev/i2c-5 Device 8086:56A5 Subsystem: 1849:6004
1006  |Info:    ------------------------------------------------------
1006  |Info:    |               Detecting I2C devices                |
1006  |Info:    ------------------------------------------------------
1830  |Info:    [ENE DRAM] Registering RGB controller
1969  |Info:    [ENE DRAM] Registering RGB controller
2673  |Info:    ------------------------------------------------------
2673  |Info:    |               Detecting I2C PCI devices            |
2673  |Info:    ------------------------------------------------------
2673  |Info:    ------------------------------------------------------
2673  |Info:    |               Detecting HID devices                |
2673  |Info:    ------------------------------------------------------
2756  |Info:    [ASUS TUF GAMING X570-PLUS (WI-FI)] Registering RGB controller
2780  |Info:    [Razer Deathadder V2] Registering RGB controller
2780  |Info:    ------------------------------------------------------
2780  |Info:    |              Detecting other devices               |
2780  |Info:    ------------------------------------------------------
2786  |Info:    ------------------------------------------------------
2786  |Info:    |                Detection completed                 |
2786  |Info:    ------------------------------------------------------
404512|Info:    Found file: PURPLE.orp attempting to validate header
404512|Info:    Valid v3 profile found for PURPLE
423936|Info:    Found file: PURPLE.orp attempting to validate header
423936|Info:    Valid v3 profile found for PURPLE
431866|Info:    Found file: PURPLE.orp attempting to validate header
431866|Info:    Valid v3 profile found for PURPLE
431866|Info:    Found file: OFF.orp attempting to validate header
431866|Info:    Valid v3 profile found for OFF
474420|Info:    Found file: PURPLE.orp attempting to validate header
474420|Info:    Valid v3 profile found for PURPLE
474420|Info:    Found file: OFF.orp attempting to validate header
474420|Info:    Valid v3 profile found for OFF
478213|Info:    Profile loading: Succeeded for ENE DRAM @ I2C: /dev/i2c-0, address 0x72
478213|Info:    Profile loading: Succeeded for ENE DRAM @ I2C: /dev/i2c-0, address 0x73
478213|Info:    Profile loading: Succeeded for ASUS TUF GAMING X570-PLUS (WI-FI) @ HID: /dev/hidraw4
478213|Info:    Profile loading: Succeeded for Razer Deathadder V2 @ HID: /dev/hidraw0
480077|Info:    Profile loading: Succeeded for ENE DRAM @ I2C: /dev/i2c-0, address 0x72
480077|Info:    Profile loading: Succeeded for ENE DRAM @ I2C: /dev/i2c-0, address 0x73
480077|Info:    Profile loading: Succeeded for ASUS TUF GAMING X570-PLUS (WI-FI) @ HID: /dev/hidraw4
480077|Info:    Profile loading: Succeeded for Razer Deathadder V2 @ HID: /dev/hidraw0
