    OpenRGB v0.81
    Commit: 9e9a583009920813464dc8e59a67ca69310aa4c2 from 2023-01-27 14:26:56 +0100
    Launched: 20230128_121114
====================================================================================================

0     |Info:    Found file: OFF.orp attempting to validate header
0     |Info:    Valid v4 profile found for OFF
1001  |Info:    ------------------------------------------------------
1001  |Info:    |               Start device detection               |
1001  |Info:    ------------------------------------------------------
1001  |Info:    Initializing HID interfaces: Success
1005  |Info:    ------------------------------------------------------
1005  |Info:    |             Detecting I2C interfaces               |
1005  |Info:    ------------------------------------------------------
1005  |Info:    Registering I2C interface: /dev/i2c-3 Device 8086:56A5 Subsystem: 1849:6004
1005  |Warning: [i2c_smbus_linux] Failed to read i2c device PCI device ID
1005  |Info:    Registering I2C interface: /dev/i2c-10 Device 0000:0000 Subsystem: 0000:0000
1005  |Info:    Registering I2C interface: /dev/i2c-1 Device 1022:790B Subsystem: 1043:87C0
1005  |Warning: [i2c_smbus_linux] Failed to read i2c device PCI device ID
1005  |Info:    Registering I2C interface: /dev/i2c-8 Device 0000:0000 Subsystem: 0000:0000
1006  |Info:    Registering I2C interface: /dev/i2c-6 Device 8086:56A5 Subsystem: 1849:6004
1006  |Info:    Registering I2C interface: /dev/i2c-4 Device 8086:56A5 Subsystem: 1849:6004
1006  |Info:    Registering I2C interface: /dev/i2c-2 Device 1022:790B Subsystem: 1043:87C0
1006  |Info:    Registering I2C interface: /dev/i2c-0 Device 1022:790B Subsystem: 1043:87C0
1006  |Warning: [i2c_smbus_linux] Failed to read i2c device PCI device ID
1006  |Info:    Registering I2C interface: /dev/i2c-9 Device 0000:0000 Subsystem: 0000:0000
1038  |Info:    Registering I2C interface: /dev/i2c-7 Device 8086:56A5 Subsystem: 1849:6004
1038  |Info:    Registering I2C interface: /dev/i2c-5 Device 8086:56A5 Subsystem: 1849:6004
1038  |Info:    ------------------------------------------------------
1038  |Info:    |               Detecting I2C devices                |
1038  |Info:    ------------------------------------------------------
1334  |Info:    [ENE DRAM] Registering RGB controller
1472  |Info:    [ENE DRAM] Registering RGB controller
3022  |Info:    ------------------------------------------------------
3022  |Info:    |               Detecting I2C PCI devices            |
3022  |Info:    ------------------------------------------------------
3022  |Info:    ------------------------------------------------------
3022  |Info:    |               Detecting HID devices                |
3022  |Info:    ------------------------------------------------------
3105  |Info:    [ASUS TUF GAMING X570-PLUS (WI-FI)] Registering RGB controller
3129  |Info:    [Razer Deathadder V2] Registering RGB controller
3129  |Info:    ------------------------------------------------------
3129  |Info:    |            Detecting libusb HID devices            |
3129  |Info:    ------------------------------------------------------
3189  |Info:    ------------------------------------------------------
3189  |Info:    |              Detecting other devices               |
3189  |Info:    ------------------------------------------------------
3194  |Info:    ------------------------------------------------------
3194  |Info:    |                Detection completed                 |
3194  |Info:    ------------------------------------------------------
127757|Info:    Found file: OFF.orp attempting to validate header
127757|Info:    Valid v4 profile found for OFF
127757|Info:    Found file: PURPLE.orp attempting to validate header
127757|Info:    Valid v4 profile found for PURPLE
