    OpenRGB v0.81
    Commit: 9e9a583009920813464dc8e59a67ca69310aa4c2 from 2023-01-27 14:26:56 +0100
    Launched: 20230128_132433
====================================================================================================

0     |Info:    Found file: OFF.orp attempting to validate header
0     |Info:    Valid v4 profile found for OFF
0     |Info:    Found file: PURPLE.orp attempting to validate header
0     |Info:    Valid v4 profile found for PURPLE
1001  |Info:    ------------------------------------------------------
1001  |Info:    |               Start device detection               |
1001  |Info:    ------------------------------------------------------
1001  |Info:    Initializing HID interfaces: Success
1006  |Info:    ------------------------------------------------------
1006  |Info:    |             Detecting I2C interfaces               |
1006  |Info:    ------------------------------------------------------
1006  |Info:    Registering I2C interface: /dev/i2c-3 Device 8086:56A5 Subsystem: 1849:6004
1006  |Warning: [i2c_smbus_linux] Failed to read i2c device PCI device ID
1006  |Info:    Registering I2C interface: /dev/i2c-10 Device 0000:0000 Subsystem: 0000:0000
1006  |Info:    Registering I2C interface: /dev/i2c-1 Device 1022:790B Subsystem: 1043:87C0
1006  |Warning: [i2c_smbus_linux] Failed to read i2c device PCI device ID
1006  |Info:    Registering I2C interface: /dev/i2c-8 Device 0000:0000 Subsystem: 0000:0000
1006  |Info:    Registering I2C interface: /dev/i2c-6 Device 8086:56A5 Subsystem: 1849:6004
1006  |Info:    Registering I2C interface: /dev/i2c-4 Device 8086:56A5 Subsystem: 1849:6004
1006  |Info:    Registering I2C interface: /dev/i2c-2 Device 1022:790B Subsystem: 1043:87C0
1006  |Info:    Registering I2C interface: /dev/i2c-0 Device 1022:790B Subsystem: 1043:87C0
1006  |Warning: [i2c_smbus_linux] Failed to read i2c device PCI device ID
1006  |Info:    Registering I2C interface: /dev/i2c-9 Device 0000:0000 Subsystem: 0000:0000
1006  |Info:    Registering I2C interface: /dev/i2c-7 Device 8086:56A5 Subsystem: 1849:6004
1007  |Info:    Registering I2C interface: /dev/i2c-5 Device 8086:56A5 Subsystem: 1849:6004
1007  |Info:    ------------------------------------------------------
1007  |Info:    |               Detecting I2C devices                |
1007  |Info:    ------------------------------------------------------
1264  |Info:    [ENE DRAM] Registering RGB controller
1404  |Info:    [ENE DRAM] Registering RGB controller
2955  |Info:    ------------------------------------------------------
2955  |Info:    |               Detecting I2C PCI devices            |
2955  |Info:    ------------------------------------------------------
2955  |Info:    ------------------------------------------------------
2955  |Info:    |               Detecting HID devices                |
2955  |Info:    ------------------------------------------------------
3035  |Info:    [ASUS TUF GAMING X570-PLUS (WI-FI)] Registering RGB controller
3059  |Info:    [Razer Deathadder V2] Registering RGB controller
3059  |Info:    ------------------------------------------------------
3059  |Info:    |            Detecting libusb HID devices            |
3059  |Info:    ------------------------------------------------------
3115  |Info:    ------------------------------------------------------
3115  |Info:    |              Detecting other devices               |
3115  |Info:    ------------------------------------------------------
3120  |Info:    ------------------------------------------------------
3120  |Info:    |                Detection completed                 |
3120  |Info:    ------------------------------------------------------
