    OpenRGB v0.81
    Commit: 51a2fdb09d0565741fd4e0f334c8e70b51b4432f from 2023-01-31 03:19:17 +0000
    Launched: 20230201_110334
====================================================================================================

0     |Info:    Found file: OFF.orp attempting to validate header
0     |Info:    Valid v4 profile found for OFF
0     |Info:    Found file: PURPLE.orp attempting to validate header
0     |Info:    Valid v4 profile found for PURPLE
1001  |Info:    ------------------------------------------------------
1001  |Info:    |               Start device detection               |
1001  |Info:    ------------------------------------------------------
1001  |Info:    Initializing HID interfaces: Success
1006  |Info:    ------------------------------------------------------
1006  |Info:    |             Detecting I2C interfaces               |
1006  |Info:    ------------------------------------------------------
1006  |Info:    Registering I2C interface: /dev/i2c-3 Device 8086:56A5 Subsystem: 1849:6004
1006  |Warning: [i2c_smbus_linux] Failed to read i2c device PCI device ID
1006  |Info:    Registering I2C interface: /dev/i2c-10 Device 0000:0000 Subsystem: 0000:0000
1006  |Info:    Registering I2C interface: /dev/i2c-1 Device 1022:790B Subsystem: 1043:87C0
1006  |Warning: [i2c_smbus_linux] Failed to read i2c device PCI device ID
1006  |Info:    Registering I2C interface: /dev/i2c-8 Device 0000:0000 Subsystem: 0000:0000
1007  |Info:    Registering I2C interface: /dev/i2c-6 Device 8086:56A5 Subsystem: 1849:6004
1007  |Info:    Registering I2C interface: /dev/i2c-4 Device 8086:56A5 Subsystem: 1849:6004
1007  |Info:    Registering I2C interface: /dev/i2c-2 Device 1022:790B Subsystem: 1043:87C0
1007  |Info:    Registering I2C interface: /dev/i2c-0 Device 1022:790B Subsystem: 1043:87C0
1007  |Warning: [i2c_smbus_linux] Failed to read i2c device PCI device ID
1007  |Info:    Registering I2C interface: /dev/i2c-9 Device 0000:0000 Subsystem: 0000:0000
1007  |Info:    Registering I2C interface: /dev/i2c-7 Device 8086:56A5 Subsystem: 1849:6004
1007  |Info:    Registering I2C interface: /dev/i2c-5 Device 8086:56A5 Subsystem: 1849:6004
1007  |Info:    ------------------------------------------------------
1007  |Info:    |               Detecting I2C devices                |
1007  |Info:    ------------------------------------------------------
1302  |Info:    [ENE DRAM] Registering RGB controller
1440  |Info:    [ENE DRAM] Registering RGB controller
2990  |Info:    ------------------------------------------------------
2990  |Info:    |               Detecting I2C PCI devices            |
2990  |Info:    ------------------------------------------------------
2991  |Info:    ------------------------------------------------------
2991  |Info:    |               Detecting HID devices                |
2991  |Info:    ------------------------------------------------------
3075  |Info:    [ASUS TUF GAMING X570-PLUS (WI-FI)] Registering RGB controller
3099  |Info:    [Razer Deathadder V2] Registering RGB controller
3099  |Info:    ------------------------------------------------------
3099  |Info:    |            Detecting libusb HID devices            |
3099  |Info:    ------------------------------------------------------
3151  |Info:    ------------------------------------------------------
3151  |Info:    |              Detecting other devices               |
3151  |Info:    ------------------------------------------------------
3155  |Info:    ------------------------------------------------------
3155  |Info:    |                Detection completed                 |
3155  |Info:    ------------------------------------------------------
5067  |Info:    Profile loading: Succeeded for ENE DRAM @ I2C: /dev/i2c-0, address 0x72
5067  |Info:    Profile loading: Succeeded for ENE DRAM @ I2C: /dev/i2c-0, address 0x73
5067  |Info:    Profile loading: Succeeded for ASUS TUF GAMING X570-PLUS (WI-FI) @ HID: /dev/hidraw4
5067  |Info:    Profile loading: Succeeded for Razer Deathadder V2 @ HID: /dev/hidraw0
127096|Info:    Profile loading: Succeeded for ENE DRAM @ I2C: /dev/i2c-0, address 0x72
127096|Info:    Profile loading: Succeeded for ENE DRAM @ I2C: /dev/i2c-0, address 0x73
127096|Info:    Profile loading: Succeeded for ASUS TUF GAMING X570-PLUS (WI-FI) @ HID: /dev/hidraw4
127096|Info:    Profile loading: Succeeded for Razer Deathadder V2 @ HID: /dev/hidraw0
