    OpenRGB v0.8
    Commit: fb88964b8e514cdf4eb22da314e13f8db06a3636 from 2022-11-27 21:44:33 -0600
    Launched: 20230326_213903
====================================================================================================

0     |Info:    Found file: PURPLE.orp attempting to validate header
0     |Info:    Valid v3 profile found for PURPLE
0     |Info:    Found file: OFF.orp attempting to validate header
0     |Info:    Valid v3 profile found for OFF
1001  |Info:    ------------------------------------------------------
1001  |Info:    |               Start device detection               |
1001  |Info:    ------------------------------------------------------
1001  |Info:    Initializing HID interfaces: Success
1005  |Info:    ------------------------------------------------------
1005  |Info:    |             Detecting I2C interfaces               |
1005  |Info:    ------------------------------------------------------
1005  |Info:    Registering I2C interface: /dev/i2c-3 Device 8086:56A5 Subsystem: 1849:6004
1005  |Warning: [i2c_smbus_linux] Failed to read i2c device PCI device ID
1005  |Info:    Registering I2C interface: /dev/i2c-10 Device 0000:0000 Subsystem: 0000:0000
1005  |Info:    Registering I2C interface: /dev/i2c-1 Device 1022:790B Subsystem: 1043:87C0
1005  |Warning: [i2c_smbus_linux] Failed to read i2c device PCI device ID
1006  |Info:    Registering I2C interface: /dev/i2c-8 Device 0000:0000 Subsystem: 0000:0000
1006  |Info:    Registering I2C interface: /dev/i2c-6 Device 8086:56A5 Subsystem: 1849:6004
1006  |Info:    Registering I2C interface: /dev/i2c-4 Device 8086:56A5 Subsystem: 1849:6004
1006  |Info:    Registering I2C interface: /dev/i2c-2 Device 1022:790B Subsystem: 1043:87C0
1006  |Info:    Registering I2C interface: /dev/i2c-0 Device 1022:790B Subsystem: 1043:87C0
1006  |Warning: [i2c_smbus_linux] Failed to read i2c device PCI device ID
1006  |Info:    Registering I2C interface: /dev/i2c-9 Device 0000:0000 Subsystem: 0000:0000
1006  |Info:    Registering I2C interface: /dev/i2c-7 Device 8086:56A5 Subsystem: 1849:6004
1006  |Info:    Registering I2C interface: /dev/i2c-5 Device 8086:56A5 Subsystem: 1849:6004
1006  |Info:    ------------------------------------------------------
1006  |Info:    |               Detecting I2C devices                |
1006  |Info:    ------------------------------------------------------
1833  |Info:    [ENE DRAM] Registering RGB controller
1973  |Info:    [ENE DRAM] Registering RGB controller
2679  |Info:    ------------------------------------------------------
2679  |Info:    |               Detecting I2C PCI devices            |
2679  |Info:    ------------------------------------------------------
2680  |Info:    ------------------------------------------------------
2680  |Info:    |               Detecting HID devices                |
2680  |Info:    ------------------------------------------------------
2704  |Info:    [Razer Deathadder V2] Registering RGB controller
2783  |Info:    [ASUS TUF GAMING X570-PLUS (WI-FI)] Registering RGB controller
2783  |Info:    ------------------------------------------------------
2783  |Info:    |              Detecting other devices               |
2783  |Info:    ------------------------------------------------------
2789  |Info:    ------------------------------------------------------
2789  |Info:    |                Detection completed                 |
2789  |Info:    ------------------------------------------------------
3642  |Info:    Profile loading: Succeeded for ENE DRAM @ I2C: /dev/i2c-0, address 0x72
3642  |Info:    Profile loading: Succeeded for ENE DRAM @ I2C: /dev/i2c-0, address 0x73
3642  |Info:    Profile loading: Succeeded for Razer Deathadder V2 @ HID: /dev/hidraw0
3642  |Info:    Profile loading: Succeeded for ASUS TUF GAMING X570-PLUS (WI-FI) @ HID: /dev/hidraw4
