    OpenRGB v0.8
    Commit: fb88964b8e514cdf4eb22da314e13f8db06a3636 from 2022-11-27 21:44:33 -0600
    Launched: 20230206_133753
====================================================================================================

0     |Info:    Found file: PURPLE.orp attempting to validate header
0     |Info:    Valid v3 profile found for PURPLE
0     |Info:    Found file: OFF.orp attempting to validate header
0     |Info:    Valid v3 profile found for OFF
2506  |Info:    ------------------------------------------------------
2506  |Info:    |               Start device detection               |
2506  |Info:    ------------------------------------------------------
2506  |Info:    Initializing HID interfaces: Success
2509  |Info:    ------------------------------------------------------
2509  |Info:    |             Detecting I2C interfaces               |
2509  |Info:    ------------------------------------------------------
2509  |Info:    Registering I2C interface: /dev/i2c-3 Device 8086:56A5 Subsystem: 1849:6004
2509  |Info:    Registering I2C interface: /dev/i2c-1 Device 1022:790B Subsystem: 1043:87C0
2510  |Info:    Registering I2C interface: /dev/i2c-6 Device 8086:56A5 Subsystem: 1849:6004
2510  |Info:    Registering I2C interface: /dev/i2c-2 Device 1022:790B Subsystem: 1043:87C0
2510  |Warning: [i2c_smbus_linux] Failed to read i2c device PCI device ID
2510  |Info:    Registering I2C interface: /dev/i2c-9 Device 0000:0000 Subsystem: 0000:0000
2510  |Info:    Registering I2C interface: /dev/i2c-5 Device 8086:56A5 Subsystem: 1849:6004
2510  |Info:    ------------------------------------------------------
2510  |Info:    |               Detecting I2C devices                |
2510  |Info:    ------------------------------------------------------
2911  |Info:    ------------------------------------------------------
2911  |Info:    |               Detecting I2C PCI devices            |
2911  |Info:    ------------------------------------------------------
2912  |Info:    ------------------------------------------------------
2912  |Info:    |               Detecting HID devices                |
2912  |Info:    ------------------------------------------------------
2935  |Info:    [ASUS TUF GAMING X570-PLUS (WI-FI)] Registering RGB controller
2959  |Info:    [Razer Deathadder V2] Registering RGB controller
2959  |Info:    ------------------------------------------------------
2959  |Info:    |              Detecting other devices               |
2959  |Info:    ------------------------------------------------------
2965  |Info:    ------------------------------------------------------
2965  |Info:    |                Detection completed                 |
2965  |Info:    ------------------------------------------------------
2965  |Dialog:  <h2>WARNING:</h2><p>One or more I2C/SMBus interfaces failed to initialize.</p><p>RGB DRAM modules and some motherboards' onboard RGB lighting will not be available without I2C/SMBus.</p><p>On Linux, this is usually because the i2c-dev module is not loaded.  You must load the i2c-dev module along with the correct i2c driver for your motherboard.  This is usually i2c-piix4 for AMD systems and i2c-i801 for Intel systems.</p><p>See <a href='https://help.openrgb.org/'>help.openrgb.org</a> for additional troubleshooting steps if you keep seeing this message.<br></p>
4491  |Info:    ------------------------------------------------------
4491  |Info:    |               Start device detection               |
4491  |Info:    ------------------------------------------------------
4491  |Info:    Initializing HID interfaces: Success
4495  |Info:    ------------------------------------------------------
4495  |Info:    |             Detecting I2C interfaces               |
4495  |Info:    ------------------------------------------------------
4495  |Info:    Registering I2C interface: /dev/i2c-3 Device 8086:56A5 Subsystem: 1849:6004
4495  |Info:    Registering I2C interface: /dev/i2c-1 Device 1022:790B Subsystem: 1043:87C0
4495  |Info:    Registering I2C interface: /dev/i2c-6 Device 8086:56A5 Subsystem: 1849:6004
4495  |Info:    Registering I2C interface: /dev/i2c-2 Device 1022:790B Subsystem: 1043:87C0
4495  |Warning: [i2c_smbus_linux] Failed to read i2c device PCI device ID
4496  |Info:    Registering I2C interface: /dev/i2c-9 Device 0000:0000 Subsystem: 0000:0000
4496  |Info:    Registering I2C interface: /dev/i2c-5 Device 8086:56A5 Subsystem: 1849:6004
4496  |Info:    ------------------------------------------------------
4496  |Info:    |               Detecting I2C devices                |
4496  |Info:    ------------------------------------------------------
4896  |Info:    ------------------------------------------------------
4896  |Info:    |               Detecting I2C PCI devices            |
4896  |Info:    ------------------------------------------------------
4897  |Info:    ------------------------------------------------------
4897  |Info:    |               Detecting HID devices                |
4897  |Info:    ------------------------------------------------------
4919  |Info:    [ASUS TUF GAMING X570-PLUS (WI-FI)] Registering RGB controller
4943  |Info:    [Razer Deathadder V2] Registering RGB controller
4943  |Info:    ------------------------------------------------------
4943  |Info:    |              Detecting other devices               |
4943  |Info:    ------------------------------------------------------
4944  |Info:    ------------------------------------------------------
4944  |Info:    |                Detection completed                 |
4944  |Info:    ------------------------------------------------------
4944  |Dialog:  <h2>WARNING:</h2><p>One or more I2C/SMBus interfaces failed to initialize.</p><p>RGB DRAM modules and some motherboards' onboard RGB lighting will not be available without I2C/SMBus.</p><p>On Linux, this is usually because the i2c-dev module is not loaded.  You must load the i2c-dev module along with the correct i2c driver for your motherboard.  This is usually i2c-piix4 for AMD systems and i2c-i801 for Intel systems.</p><p>See <a href='https://help.openrgb.org/'>help.openrgb.org</a> for additional troubleshooting steps if you keep seeing this message.<br></p>
