    OpenRGB v0.8
    Commit: fb88964b8e514cdf4eb22da314e13f8db06a3636 from 2022-11-27 21:44:33 -0600
    Launched: 20230206_133835
====================================================================================================

0     |Info:    Found file: PURPLE.orp attempting to validate header
0     |Info:    Valid v3 profile found for PURPLE
0     |Info:    Found file: OFF.orp attempting to validate header
0     |Info:    Valid v3 profile found for OFF
1001  |Info:    ------------------------------------------------------
1001  |Info:    |               Start device detection               |
1001  |Info:    ------------------------------------------------------
1001  |Info:    Initializing HID interfaces: Success
1006  |Info:    ------------------------------------------------------
1006  |Info:    |             Detecting I2C interfaces               |
1006  |Info:    ------------------------------------------------------
1006  |Info:    Registering I2C interface: /dev/i2c-3 Device 8086:56A5 Subsystem: 1849:6004
1006  |Info:    Registering I2C interface: /dev/i2c-1 Device 1022:790B Subsystem: 1043:87C0
1006  |Info:    Registering I2C interface: /dev/i2c-6 Device 8086:56A5 Subsystem: 1849:6004
1006  |Info:    Registering I2C interface: /dev/i2c-2 Device 1022:790B Subsystem: 1043:87C0
1006  |Warning: [i2c_smbus_linux] Failed to read i2c device PCI device ID
1006  |Info:    Registering I2C interface: /dev/i2c-9 Device 0000:0000 Subsystem: 0000:0000
1006  |Info:    Registering I2C interface: /dev/i2c-5 Device 8086:56A5 Subsystem: 1849:6004
1006  |Info:    ------------------------------------------------------
1006  |Info:    |               Detecting I2C devices                |
1006  |Info:    ------------------------------------------------------
1408  |Info:    ------------------------------------------------------
1408  |Info:    |               Detecting I2C PCI devices            |
1408  |Info:    ------------------------------------------------------
1409  |Info:    ------------------------------------------------------
1409  |Info:    |               Detecting HID devices                |
1409  |Info:    ------------------------------------------------------
1486  |Info:    [ASUS TUF GAMING X570-PLUS (WI-FI)] Registering RGB controller
1510  |Info:    [Razer Deathadder V2] Registering RGB controller
1510  |Info:    ------------------------------------------------------
1510  |Info:    |              Detecting other devices               |
1510  |Info:    ------------------------------------------------------
1516  |Info:    ------------------------------------------------------
1516  |Info:    |                Detection completed                 |
1516  |Info:    ------------------------------------------------------
1516  |Dialog:  <h2>WARNING:</h2><p>One or more I2C/SMBus interfaces failed to initialize.</p><p>RGB DRAM modules and some motherboards' onboard RGB lighting will not be available without I2C/SMBus.</p><p>On Linux, this is usually because the i2c-dev module is not loaded.  You must load the i2c-dev module along with the correct i2c driver for your motherboard.  This is usually i2c-piix4 for AMD systems and i2c-i801 for Intel systems.</p><p>See <a href='https://help.openrgb.org/'>help.openrgb.org</a> for additional troubleshooting steps if you keep seeing this message.<br></p>
