    OpenRGB v0.8
    Commit: fb88964b8e514cdf4eb22da314e13f8db06a3636 from 2022-11-27 21:44:33 -0600
    Launched: 20230313_184600
====================================================================================================

0     |Info:    Found file: PURPLE.orp attempting to validate header
0     |Info:    Valid v3 profile found for PURPLE
0     |Info:    Found file: OFF.orp attempting to validate header
0     |Info:    Valid v3 profile found for OFF
1001  |Info:    ------------------------------------------------------
1001  |Info:    |               Start device detection               |
1001  |Info:    ------------------------------------------------------
1001  |Info:    Initializing HID interfaces: Success
1008  |Info:    ------------------------------------------------------
1008  |Info:    |             Detecting I2C interfaces               |
1008  |Info:    ------------------------------------------------------
1012  |Info:    Registering I2C interface: /dev/i2c-3 Device 8086:56A5 Subsystem: 1849:6004
1013  |Warning: [i2c_smbus_linux] Failed to read i2c device PCI device ID
1013  |Info:    Registering I2C interface: /dev/i2c-10 Device 0000:0000 Subsystem: 0000:0000
1013  |Info:    Registering I2C interface: /dev/i2c-1 Device 1022:790B Subsystem: 1043:87C0
1013  |Warning: [i2c_smbus_linux] Failed to read i2c device PCI device ID
1013  |Info:    Registering I2C interface: /dev/i2c-8 Device 0000:0000 Subsystem: 0000:0000
1013  |Info:    Registering I2C interface: /dev/i2c-6 Device 8086:56A5 Subsystem: 1849:6004
1013  |Info:    Registering I2C interface: /dev/i2c-4 Device 8086:56A5 Subsystem: 1849:6004
1013  |Info:    Registering I2C interface: /dev/i2c-2 Device 1022:790B Subsystem: 1043:87C0
1013  |Info:    Registering I2C interface: /dev/i2c-0 Device 1022:790B Subsystem: 1043:87C0
1013  |Warning: [i2c_smbus_linux] Failed to read i2c device PCI device ID
1013  |Info:    Registering I2C interface: /dev/i2c-9 Device 0000:0000 Subsystem: 0000:0000
1013  |Info:    Registering I2C interface: /dev/i2c-7 Device 8086:56A5 Subsystem: 1849:6004
1013  |Info:    Registering I2C interface: /dev/i2c-5 Device 8086:56A5 Subsystem: 1849:6004
1013  |Info:    ------------------------------------------------------
1013  |Info:    |               Detecting I2C devices                |
1013  |Info:    ------------------------------------------------------
1828  |Info:    [ENE DRAM] Registering RGB controller
1971  |Info:    [ENE DRAM] Registering RGB controller
2677  |Info:    ------------------------------------------------------
2677  |Info:    |               Detecting I2C PCI devices            |
2677  |Info:    ------------------------------------------------------
2678  |Info:    ------------------------------------------------------
2678  |Info:    |               Detecting HID devices                |
2678  |Info:    ------------------------------------------------------
2702  |Info:    [Razer Deathadder V2] Registering RGB controller
2785  |Info:    [ASUS TUF GAMING X570-PLUS (WI-FI)] Registering RGB controller
2785  |Info:    ------------------------------------------------------
2785  |Info:    |              Detecting other devices               |
2785  |Info:    ------------------------------------------------------
2790  |Info:    ------------------------------------------------------
2790  |Info:    |                Detection completed                 |
2790  |Info:    ------------------------------------------------------
3509  |Info:    Profile loading: Succeeded for ENE DRAM @ I2C: /dev/i2c-0, address 0x72
3509  |Info:    Profile loading: Succeeded for ENE DRAM @ I2C: /dev/i2c-0, address 0x73
3509  |Info:    Profile loading: Succeeded for Razer Deathadder V2 @ HID: /dev/hidraw0
3509  |Info:    Profile loading: Succeeded for ASUS TUF GAMING X570-PLUS (WI-FI) @ HID: /dev/hidraw4
