    OpenRGB v0.81
    Commit: 9e9a583009920813464dc8e59a67ca69310aa4c2 from 2023-01-27 14:26:56 +0100
    Launched: 20230128_183811
====================================================================================================

0     |Info:    Found file: OFF.orp attempting to validate header
0     |Info:    Valid v4 profile found for OFF
0     |Info:    Found file: PURPLE.orp attempting to validate header
0     |Info:    Valid v4 profile found for PURPLE
1001  |Info:    ------------------------------------------------------
1001  |Info:    |               Start device detection               |
1001  |Info:    ------------------------------------------------------
1001  |Info:    Initializing HID interfaces: Success
1005  |Info:    ------------------------------------------------------
1005  |Info:    |             Detecting I2C interfaces               |
1005  |Info:    ------------------------------------------------------
1005  |Info:    Registering I2C interface: /dev/i2c-3 Device 8086:56A5 Subsystem: 1849:6004
1005  |Warning: [i2c_smbus_linux] Failed to read i2c device PCI device ID
1005  |Info:    Registering I2C interface: /dev/i2c-10 Device 0000:0000 Subsystem: 0000:0000
1005  |Info:    Registering I2C interface: /dev/i2c-1 Device 1022:790B Subsystem: 1043:87C0
1005  |Warning: [i2c_smbus_linux] Failed to read i2c device PCI device ID
1005  |Info:    Registering I2C interface: /dev/i2c-8 Device 0000:0000 Subsystem: 0000:0000
1006  |Info:    Registering I2C interface: /dev/i2c-6 Device 8086:56A5 Subsystem: 1849:6004
1006  |Info:    Registering I2C interface: /dev/i2c-4 Device 8086:56A5 Subsystem: 1849:6004
1006  |Info:    Registering I2C interface: /dev/i2c-2 Device 1022:790B Subsystem: 1043:87C0
1006  |Info:    Registering I2C interface: /dev/i2c-0 Device 1022:790B Subsystem: 1043:87C0
1006  |Warning: [i2c_smbus_linux] Failed to read i2c device PCI device ID
1006  |Info:    Registering I2C interface: /dev/i2c-9 Device 0000:0000 Subsystem: 0000:0000
1006  |Info:    Registering I2C interface: /dev/i2c-7 Device 8086:56A5 Subsystem: 1849:6004
1006  |Info:    Registering I2C interface: /dev/i2c-5 Device 8086:56A5 Subsystem: 1849:6004
1006  |Info:    ------------------------------------------------------
1006  |Info:    |               Detecting I2C devices                |
1006  |Info:    ------------------------------------------------------
1300  |Info:    [ENE DRAM] Registering RGB controller
1439  |Info:    [ENE DRAM] Registering RGB controller
2989  |Info:    ------------------------------------------------------
2989  |Info:    |               Detecting I2C PCI devices            |
2989  |Info:    ------------------------------------------------------
2990  |Info:    ------------------------------------------------------
2990  |Info:    |               Detecting HID devices                |
2990  |Info:    ------------------------------------------------------
3070  |Info:    [ASUS TUF GAMING X570-PLUS (WI-FI)] Registering RGB controller
3094  |Info:    [Razer Deathadder V2] Registering RGB controller
3094  |Info:    ------------------------------------------------------
3094  |Info:    |            Detecting libusb HID devices            |
3094  |Info:    ------------------------------------------------------
3154  |Info:    ------------------------------------------------------
3154  |Info:    |              Detecting other devices               |
3154  |Info:    ------------------------------------------------------
3159  |Info:    ------------------------------------------------------
3159  |Info:    |                Detection completed                 |
3159  |Info:    ------------------------------------------------------
24674 |Info:    Profile loading: Succeeded for ENE DRAM @ I2C: /dev/i2c-0, address 0x72
24674 |Info:    Profile loading: Succeeded for ENE DRAM @ I2C: /dev/i2c-0, address 0x73
24674 |Info:    Profile loading: Succeeded for ASUS TUF GAMING X570-PLUS (WI-FI) @ HID: /dev/hidraw4
24674 |Info:    Profile loading: Succeeded for Razer Deathadder V2 @ HID: /dev/hidraw0
39956 |Info:    Profile loading: Succeeded for ENE DRAM @ I2C: /dev/i2c-0, address 0x72
39956 |Info:    Profile loading: Succeeded for ENE DRAM @ I2C: /dev/i2c-0, address 0x73
39956 |Info:    Profile loading: Succeeded for ASUS TUF GAMING X570-PLUS (WI-FI) @ HID: /dev/hidraw4
39956 |Info:    Profile loading: Succeeded for Razer Deathadder V2 @ HID: /dev/hidraw0
