    OpenRGB v0.81
    Commit: 9e9a583009920813464dc8e59a67ca69310aa4c2 from 2023-01-27 14:26:56 +0100
    Launched: 20230129_111210
====================================================================================================

0     |Info:    Found file: OFF.orp attempting to validate header
0     |Info:    Valid v4 profile found for OFF
0     |Info:    Found file: PURPLE.orp attempting to validate header
0     |Info:    Valid v4 profile found for PURPLE
1002  |Info:    ------------------------------------------------------
1002  |Info:    |               Start device detection               |
1002  |Info:    ------------------------------------------------------
1002  |Info:    Initializing HID interfaces: Success
1007  |Info:    ------------------------------------------------------
1007  |Info:    |             Detecting I2C interfaces               |
1007  |Info:    ------------------------------------------------------
1007  |Info:    Registering I2C interface: /dev/i2c-3 Device 8086:56A5 Subsystem: 1849:6004
1007  |Warning: [i2c_smbus_linux] Failed to read i2c device PCI device ID
1007  |Info:    Registering I2C interface: /dev/i2c-10 Device 0000:0000 Subsystem: 0000:0000
1007  |Info:    Registering I2C interface: /dev/i2c-1 Device 1022:790B Subsystem: 1043:87C0
1007  |Warning: [i2c_smbus_linux] Failed to read i2c device PCI device ID
1007  |Info:    Registering I2C interface: /dev/i2c-8 Device 0000:0000 Subsystem: 0000:0000
1007  |Info:    Registering I2C interface: /dev/i2c-6 Device 8086:56A5 Subsystem: 1849:6004
1007  |Info:    Registering I2C interface: /dev/i2c-4 Device 8086:56A5 Subsystem: 1849:6004
1007  |Info:    Registering I2C interface: /dev/i2c-2 Device 1022:790B Subsystem: 1043:87C0
1007  |Info:    Registering I2C interface: /dev/i2c-0 Device 1022:790B Subsystem: 1043:87C0
1007  |Warning: [i2c_smbus_linux] Failed to read i2c device PCI device ID
1007  |Info:    Registering I2C interface: /dev/i2c-9 Device 0000:0000 Subsystem: 0000:0000
1007  |Info:    Registering I2C interface: /dev/i2c-7 Device 8086:56A5 Subsystem: 1849:6004
1007  |Info:    Registering I2C interface: /dev/i2c-5 Device 8086:56A5 Subsystem: 1849:6004
1007  |Info:    ------------------------------------------------------
1007  |Info:    |               Detecting I2C devices                |
1007  |Info:    ------------------------------------------------------
1300  |Info:    [ENE DRAM] Registering RGB controller
1439  |Info:    [ENE DRAM] Registering RGB controller
2990  |Info:    ------------------------------------------------------
2990  |Info:    |               Detecting I2C PCI devices            |
2990  |Info:    ------------------------------------------------------
2991  |Info:    ------------------------------------------------------
2991  |Info:    |               Detecting HID devices                |
2991  |Info:    ------------------------------------------------------
3073  |Info:    [ASUS TUF GAMING X570-PLUS (WI-FI)] Registering RGB controller
3098  |Info:    [Razer Deathadder V2] Registering RGB controller
3098  |Info:    ------------------------------------------------------
3098  |Info:    |            Detecting libusb HID devices            |
3098  |Info:    ------------------------------------------------------
3157  |Info:    ------------------------------------------------------
3157  |Info:    |              Detecting other devices               |
3157  |Info:    ------------------------------------------------------
3162  |Info:    ------------------------------------------------------
3162  |Info:    |                Detection completed                 |
3162  |Info:    ------------------------------------------------------
6113  |Info:    Profile loading: Succeeded for ENE DRAM @ I2C: /dev/i2c-0, address 0x72
6113  |Info:    Profile loading: Succeeded for ENE DRAM @ I2C: /dev/i2c-0, address 0x73
6113  |Info:    Profile loading: Succeeded for ASUS TUF GAMING X570-PLUS (WI-FI) @ HID: /dev/hidraw4
6113  |Info:    Profile loading: Succeeded for Razer Deathadder V2 @ HID: /dev/hidraw0
9519  |Info:    Profile loading: Succeeded for ENE DRAM @ I2C: /dev/i2c-0, address 0x72
9519  |Info:    Profile loading: Succeeded for ENE DRAM @ I2C: /dev/i2c-0, address 0x73
9519  |Info:    Profile loading: Succeeded for ASUS TUF GAMING X570-PLUS (WI-FI) @ HID: /dev/hidraw4
9519  |Info:    Profile loading: Succeeded for Razer Deathadder V2 @ HID: /dev/hidraw0
