    OpenRGB v0.81
    Commit: bbbf93beae940e9cfb4ff5fc5f0857c78dc66194 from 2023-02-01 17:09:32 +0000
    Launched: 20230201_213356
====================================================================================================

0     |Info:    Found file: OFF.orp attempting to validate header
0     |Info:    Valid v4 profile found for OFF
0     |Info:    Found file: PURPLE.orp attempting to validate header
0     |Info:    Valid v4 profile found for PURPLE
9139  |Info:    Found file: PURPLE.orp attempting to validate header
9139  |Info:    Valid v4 profile found for PURPLE
14137 |Info:    ------------------------------------------------------
14137 |Info:    |               Start device detection               |
14137 |Info:    ------------------------------------------------------
14137 |Info:    Initializing HID interfaces: Success
14141 |Info:    ------------------------------------------------------
14141 |Info:    |             Detecting I2C interfaces               |
14141 |Info:    ------------------------------------------------------
14141 |Info:    Registering I2C interface: /dev/i2c-3 Device 8086:56A5 Subsystem: 1849:6004
14141 |Warning: [i2c_smbus_linux] Failed to read i2c device PCI device ID
14141 |Info:    Registering I2C interface: /dev/i2c-10 Device 0000:0000 Subsystem: 0000:0000
14141 |Info:    Registering I2C interface: /dev/i2c-1 Device 1022:790B Subsystem: 1043:87C0
14141 |Warning: [i2c_smbus_linux] Failed to read i2c device PCI device ID
14141 |Info:    Registering I2C interface: /dev/i2c-8 Device 0000:0000 Subsystem: 0000:0000
14141 |Info:    Registering I2C interface: /dev/i2c-6 Device 8086:56A5 Subsystem: 1849:6004
14141 |Info:    Registering I2C interface: /dev/i2c-4 Device 8086:56A5 Subsystem: 1849:6004
14141 |Info:    Registering I2C interface: /dev/i2c-2 Device 1022:790B Subsystem: 1043:87C0
14141 |Info:    Registering I2C interface: /dev/i2c-0 Device 1022:790B Subsystem: 1043:87C0
14141 |Warning: [i2c_smbus_linux] Failed to read i2c device PCI device ID
14141 |Info:    Registering I2C interface: /dev/i2c-9 Device 0000:0000 Subsystem: 0000:0000
14141 |Info:    Registering I2C interface: /dev/i2c-7 Device 8086:56A5 Subsystem: 1849:6004
14141 |Info:    Registering I2C interface: /dev/i2c-5 Device 8086:56A5 Subsystem: 1849:6004
14141 |Info:    ------------------------------------------------------
14141 |Info:    |               Detecting I2C devices                |
14141 |Info:    ------------------------------------------------------
14394 |Info:    [ENE DRAM] Registering RGB controller
14532 |Info:    [ENE DRAM] Registering RGB controller
16089 |Info:    ------------------------------------------------------
16089 |Info:    |               Detecting I2C PCI devices            |
16089 |Info:    ------------------------------------------------------
16090 |Info:    ------------------------------------------------------
16090 |Info:    |               Detecting HID devices                |
16090 |Info:    ------------------------------------------------------
16172 |Info:    [ASUS TUF GAMING X570-PLUS (WI-FI)] Registering RGB controller
16196 |Info:    [Razer Deathadder V2] Registering RGB controller
16196 |Info:    ------------------------------------------------------
16196 |Info:    |            Detecting libusb HID devices            |
16196 |Info:    ------------------------------------------------------
16247 |Info:    ------------------------------------------------------
16247 |Info:    |              Detecting other devices               |
16247 |Info:    ------------------------------------------------------
16250 |Info:    ------------------------------------------------------
16251 |Info:    |                Detection completed                 |
16251 |Info:    ------------------------------------------------------
