    OpenRGB v0.81
    Commit: bbbf93beae940e9cfb4ff5fc5f0857c78dc66194 from 2023-02-01 17:09:32 +0000
    Launched: 20230201_213610
====================================================================================================

1001  |Info:    ------------------------------------------------------
1001  |Info:    |               Start device detection               |
1001  |Info:    ------------------------------------------------------
1001  |Info:    Initializing HID interfaces: Success
1006  |Info:    ------------------------------------------------------
1006  |Info:    |             Detecting I2C interfaces               |
1006  |Info:    ------------------------------------------------------
1006  |Info:    Registering I2C interface: /dev/i2c-3 Device 8086:56A5 Subsystem: 1849:6004
1006  |Warning: [i2c_smbus_linux] Failed to read i2c device PCI device ID
1006  |Info:    Registering I2C interface: /dev/i2c-10 Device 0000:0000 Subsystem: 0000:0000
1006  |Info:    Registering I2C interface: /dev/i2c-1 Device 1022:790B Subsystem: 1043:87C0
1006  |Warning: [i2c_smbus_linux] Failed to read i2c device PCI device ID
1006  |Info:    Registering I2C interface: /dev/i2c-8 Device 0000:0000 Subsystem: 0000:0000
1006  |Info:    Registering I2C interface: /dev/i2c-6 Device 8086:56A5 Subsystem: 1849:6004
1006  |Info:    Registering I2C interface: /dev/i2c-4 Device 8086:56A5 Subsystem: 1849:6004
1006  |Info:    Registering I2C interface: /dev/i2c-2 Device 1022:790B Subsystem: 1043:87C0
1006  |Info:    Registering I2C interface: /dev/i2c-0 Device 1022:790B Subsystem: 1043:87C0
1006  |Warning: [i2c_smbus_linux] Failed to read i2c device PCI device ID
1006  |Info:    Registering I2C interface: /dev/i2c-9 Device 0000:0000 Subsystem: 0000:0000
1006  |Info:    Registering I2C interface: /dev/i2c-7 Device 8086:56A5 Subsystem: 1849:6004
1006  |Info:    Registering I2C interface: /dev/i2c-5 Device 8086:56A5 Subsystem: 1849:6004
1006  |Info:    ------------------------------------------------------
1006  |Info:    |               Detecting I2C devices                |
1006  |Info:    ------------------------------------------------------
1258  |Info:    [ENE DRAM] Registering RGB controller
1396  |Info:    [ENE DRAM] Registering RGB controller
2947  |Info:    ------------------------------------------------------
2947  |Info:    |               Detecting I2C PCI devices            |
2947  |Info:    ------------------------------------------------------
2948  |Info:    ------------------------------------------------------
2948  |Info:    |               Detecting HID devices                |
2948  |Info:    ------------------------------------------------------
3028  |Info:    [ASUS TUF GAMING X570-PLUS (WI-FI)] Registering RGB controller
3052  |Info:    [Razer Deathadder V2] Registering RGB controller
3052  |Info:    ------------------------------------------------------
3052  |Info:    |            Detecting libusb HID devices            |
3052  |Info:    ------------------------------------------------------
